2024-11-17 15:55:30,109 - INFO - Se esta iniciando sesion
2024-11-17 15:55:40,841 - WARNING - Anormalidad detectada, abriendo una ventana para revision
2024-11-17 15:57:51,912 - INFO - Se esta iniciando sesion
2024-11-17 15:58:02,011 - WARNING - Anormalidad detectada, abriendo una ventana para revision
2024-11-17 15:59:02,874 - INFO - Se esta iniciando sesion
2024-11-17 15:59:21,929 - INFO - Ingreso satisfactorio a linkedin
2024-11-17 15:59:25,486 - INFO - Buscando empresas...
2024-11-17 15:59:30,306 - INFO - link extraido
2024-11-17 15:59:30,308 - INFO - link extraido
2024-11-17 15:59:30,308 - INFO - link extraido
2024-11-17 15:59:30,309 - INFO - link extraido
2024-11-17 15:59:30,309 - INFO - link extraido
2024-11-17 15:59:30,310 - INFO - link extraido
2024-11-17 15:59:30,310 - INFO - link extraido
2024-11-17 15:59:30,311 - INFO - link extraido
2024-11-17 15:59:30,311 - INFO - link extraido
2024-11-17 15:59:30,312 - INFO - link extraido
2024-11-17 15:59:30,312 - INFO - Links de empresas fueron extraidos
2024-11-17 15:59:30,313 - INFO - pagina actualizada
2024-11-17 15:59:30,314 - INFO - Extrayendo datos de las empresas...
2024-11-17 16:00:10,013 - INFO - Almacenando los datos empresariales extraidos
2024-11-17 16:00:12,629 - INFO - Se esta iniciando sesion
2024-11-17 16:00:22,312 - WARNING - Anormalidad detectada, abriendo una ventana para revision
2024-11-17 21:09:29,710 - INFO - Se esta iniciando sesion
2024-11-17 21:09:29,711 - WARNING - ocurrio un problema en el login
2024-11-17 21:12:15,924 - INFO - Se esta iniciando sesion
2024-11-17 21:12:15,924 - WARNING - ocurrio un problema en el login
2024-11-17 21:13:27,468 - INFO - Se esta iniciando sesion
2024-11-17 21:13:27,468 - WARNING - ocurrio un problema en el login
2024-11-17 21:13:39,183 - INFO - Se esta iniciando sesion
2024-11-17 21:13:53,429 - INFO - Ingreso satisfactorio a linkedin
2024-11-17 21:14:00,627 - INFO - Buscando empresas...
2024-11-17 21:14:07,536 - INFO - Extrayendo datos de las empresas...
2024-11-17 21:14:47,743 - INFO - Almacenando los datos empresariales extraidos
2024-11-17 21:14:50,293 - INFO - Se esta iniciando sesion
2024-11-17 21:15:01,342 - INFO - Ingreso satisfactorio a linkedin
2024-11-17 21:15:08,460 - INFO - Buscando empresas...
2024-11-17 21:15:15,031 - INFO - Extrayendo datos de las empresas...
2024-11-17 21:16:13,927 - INFO - Almacenando los datos empresariales extraidos
2024-11-17 21:16:16,425 - INFO - Se esta iniciando sesion
2024-11-17 21:16:27,418 - INFO - Ingreso satisfactorio a linkedin
2024-11-17 21:16:39,436 - INFO - Buscando empresas...
2024-11-17 21:16:45,212 - INFO - Extrayendo datos de las empresas...
2024-11-17 21:17:22,844 - INFO - Almacenando los datos empresariales extraidos
2024-11-17 21:17:25,411 - INFO - Se esta iniciando sesion
