2024-11-13 17:30:09,550 - INFO - Iniciando linkedbot
2024-11-13 17:30:09,552 - INFO - ingresando a la cuenta
2024-11-13 17:30:31,007 - INFO - Iniciando linkedbot
2024-11-13 17:30:31,008 - INFO - ingresando a la cuenta
2024-11-13 17:30:42,048 - INFO - ingreso satisfactorio
2024-11-13 17:30:49,408 - INFO - Movimiento aleatorio hecho
2024-11-13 17:30:54,672 - INFO - link extraido
2024-11-13 17:30:54,673 - INFO - link extraido
2024-11-13 17:30:54,674 - INFO - link extraido
2024-11-13 17:30:54,675 - INFO - link extraido
2024-11-13 17:30:54,677 - INFO - link extraido
2024-11-13 17:30:54,681 - INFO - link extraido
2024-11-13 17:30:54,683 - INFO - link extraido
2024-11-13 17:30:54,684 - INFO - link extraido
2024-11-13 17:30:54,685 - INFO - link extraido
2024-11-13 17:30:54,686 - INFO - link extraido
2024-11-13 17:30:54,686 - INFO - Links de empresas fueron extraidos
2024-11-13 17:30:54,686 - INFO - pagina actualizada
2024-11-13 17:30:55,687 - INFO - Iniciando linkedbot
2024-11-13 17:30:55,687 - INFO - ingresando a la cuenta
2024-11-13 17:31:09,369 - INFO - ingreso satisfactorio
2024-11-13 17:31:09,369 - INFO - Movimiento aleatorio hecho
2024-11-13 17:31:14,724 - INFO - link extraido
2024-11-13 17:31:14,725 - INFO - link extraido
2024-11-13 17:31:14,726 - INFO - link extraido
2024-11-13 17:31:14,727 - INFO - link extraido
2024-11-13 17:31:14,728 - INFO - link extraido
2024-11-13 17:31:14,728 - INFO - link extraido
2024-11-13 17:31:14,731 - INFO - link extraido
2024-11-13 17:31:14,732 - INFO - link extraido
2024-11-13 17:31:14,738 - INFO - link extraido
2024-11-13 17:31:14,739 - INFO - link extraido
2024-11-13 17:31:14,740 - INFO - Links de empresas fueron extraidos
2024-11-13 17:31:14,740 - INFO - pagina actualizada
2024-11-13 17:31:15,749 - INFO - Iniciando linkedbot
2024-11-13 17:31:15,757 - INFO - ingresando a la cuenta
2024-11-13 17:31:29,294 - INFO - ingreso satisfactorio
2024-11-13 17:31:29,294 - INFO - Movimiento aleatorio hecho
2024-11-13 17:31:34,119 - INFO - link extraido
2024-11-13 17:31:34,120 - INFO - link extraido
2024-11-13 17:31:34,121 - INFO - link extraido
2024-11-13 17:31:34,122 - INFO - link extraido
2024-11-13 17:31:34,123 - INFO - link extraido
2024-11-13 17:31:34,125 - INFO - link extraido
2024-11-13 17:31:34,127 - INFO - link extraido
2024-11-13 17:31:34,128 - INFO - link extraido
2024-11-13 17:31:34,129 - INFO - link extraido
2024-11-13 17:31:34,130 - INFO - link extraido
2024-11-13 17:31:34,130 - INFO - Links de empresas fueron extraidos
2024-11-13 17:31:34,130 - INFO - pagina actualizada
2024-11-13 17:31:35,131 - INFO - Iniciando linkedbot
2024-11-13 17:31:35,131 - INFO - ingresando a la cuenta
2024-11-13 17:31:49,727 - INFO - ingreso satisfactorio
2024-11-13 17:31:52,600 - INFO - Movimiento aleatorio hecho
2024-11-13 17:31:57,137 - INFO - link extraido
2024-11-13 17:31:57,139 - INFO - link extraido
2024-11-13 17:31:57,142 - INFO - link extraido
2024-11-13 17:31:57,143 - INFO - link extraido
2024-11-13 17:31:57,150 - INFO - link extraido
2024-11-13 17:31:57,152 - INFO - link extraido
2024-11-13 17:31:57,153 - INFO - link extraido
2024-11-13 17:31:57,156 - INFO - link extraido
2024-11-13 17:31:57,157 - INFO - link extraido
2024-11-13 17:31:57,159 - INFO - link extraido
2024-11-13 17:31:57,160 - INFO - Links de empresas fueron extraidos
2024-11-13 17:31:57,160 - INFO - pagina actualizada
2024-11-13 17:31:58,161 - INFO - Iniciando linkedbot
2024-11-13 17:31:58,161 - INFO - ingresando a la cuenta
2024-11-13 17:32:12,187 - INFO - ingreso satisfactorio
2024-11-13 17:32:15,955 - INFO - Movimiento aleatorio hecho
2024-11-13 17:32:20,744 - INFO - link extraido
2024-11-13 17:32:20,744 - INFO - link extraido
2024-11-13 17:32:20,745 - INFO - link extraido
2024-11-13 17:32:20,747 - INFO - link extraido
2024-11-13 17:32:20,747 - INFO - link extraido
2024-11-13 17:32:20,748 - INFO - link extraido
2024-11-13 17:32:20,749 - INFO - link extraido
2024-11-13 17:32:20,750 - INFO - link extraido
2024-11-13 17:32:20,751 - INFO - link extraido
2024-11-13 17:32:20,752 - INFO - link extraido
2024-11-13 17:32:20,752 - INFO - Links de empresas fueron extraidos
2024-11-13 17:32:20,752 - INFO - pagina actualizada
2024-11-13 17:32:21,753 - INFO - Iniciando linkedbot
2024-11-13 17:32:21,753 - INFO - ingresando a la cuenta
2024-11-14 23:46:59,190 - INFO - Iniciando linkedbot
2024-11-14 23:46:59,191 - INFO - ingresando a la cuenta
2024-11-14 23:47:13,740 - INFO - ingreso satisfactorio
2024-11-14 23:47:16,969 - INFO - Movimiento aleatorio hecho
2024-11-14 23:47:20,766 - INFO - link extraido
2024-11-14 23:47:20,767 - INFO - link extraido
2024-11-14 23:47:20,767 - INFO - link extraido
2024-11-14 23:47:20,767 - INFO - link extraido
2024-11-14 23:47:20,767 - INFO - link extraido
2024-11-14 23:47:20,767 - INFO - link extraido
2024-11-14 23:47:20,767 - INFO - link extraido
2024-11-14 23:47:20,767 - INFO - link extraido
2024-11-14 23:47:20,768 - INFO - link extraido
2024-11-14 23:47:20,768 - INFO - link extraido
2024-11-14 23:47:20,768 - INFO - Links de empresas fueron extraidos
2024-11-14 23:47:20,768 - INFO - pagina actualizada
